# Logfile created on 2016-12-14 04:46:17 +0900 by logger.rb/54072
I, [2016-12-14T04:46:17.072196 #2847]  INFO -- : Creating path: 34:95:db:11:e6:14 -> 0x2:6 -> 0x2:4 -> 0x1:3 -> 0x1:1 -> 00:25:4b:fd:d8:0d
I, [2016-12-14T04:48:45.919669 #2847]  INFO -- : Creating path: 00:25:4b:fd:d8:0d -> 0x1:1 -> 0x1:3 -> 0x2:4 -> 0x2:6 -> 34:95:db:11:e6:14
I, [2016-12-14T04:50:36.196795 #2847]  INFO -- : Deleting path: 34:95:db:11:e6:14 -> 0x2:6 -> 0x2:4 -> 0x1:3 -> 0x1:1 -> 00:25:4b:fd:d8:0d
I, [2016-12-14T04:50:36.212646 #2847]  INFO -- : Deleting path: 00:25:4b:fd:d8:0d -> 0x1:1 -> 0x1:3 -> 0x2:4 -> 0x2:6 -> 34:95:db:11:e6:14
I, [2016-12-14T06:08:05.993515 #3682]  INFO -- : Creating path: 34:95:db:11:e6:14 -> 0x2:5 -> 0x2:6 -> 0x3:7 -> 0x3:9 -> 0x4:10 -> 0x4:12 -> 0x5:13 -> 0x5:14 -> 00:25:4b:fd:d8:0d
I, [2016-12-14T06:08:06.989956 #3682]  INFO -- : Creating path: 00:25:4b:fd:d8:0d -> 0x5:14 -> 0x5:15 -> 0x6:16 -> 0x6:18 -> 0x1:1 -> 0x1:3 -> 0x2:4 -> 0x2:5 -> 34:95:db:11:e6:14
I, [2016-12-14T06:09:53.784854 #3682]  INFO -- : Creating path: 00:25:4b:fd:d8:0d -> 0x5:14 -> 0x5:15 -> 0x6:16 -> 0x6:18 -> 0x1:1 -> 0x1:2 -> 74:03:bd:3d:34:9d
I, [2016-12-14T06:09:54.011612 #3682]  INFO -- : Creating path: 74:03:bd:3d:34:9d -> 0x1:2 -> 0x1:1 -> 0x6:18 -> 0x6:16 -> 0x5:15 -> 0x5:14 -> 00:25:4b:fd:d8:0d
I, [2016-12-14T06:14:36.950711 #3821]  INFO -- : Creating path: 34:95:db:2c:67:53 -> 0x4:11 -> 0x4:12 -> 0x5:13 -> 0x5:14 -> 00:25:4b:fd:d8:0d
I, [2016-12-14T06:14:37.949353 #3821]  INFO -- : Creating path: 00:25:4b:fd:d8:0d -> 0x5:14 -> 0x5:13 -> 0x4:12 -> 0x4:11 -> 34:95:db:2c:67:53
I, [2016-12-14T06:14:46.438127 #3821]  INFO -- : Creating path: 34:95:db:11:e6:14 -> 0x2:5 -> 0x2:6 -> 0x3:7 -> 0x3:9 -> 0x4:10 -> 0x4:12 -> 0x5:13 -> 0x5:14 -> 00:25:4b:fd:d8:0d
I, [2016-12-14T06:14:47.437081 #3821]  INFO -- : Creating path: 00:25:4b:fd:d8:0d -> 0x5:14 -> 0x5:15 -> 0x6:16 -> 0x6:18 -> 0x1:1 -> 0x1:3 -> 0x2:4 -> 0x2:5 -> 34:95:db:11:e6:14
I, [2016-12-14T06:15:33.378121 #3821]  INFO -- : Creating path: 00:25:4b:fd:d8:0d -> 0x5:14 -> 0x5:15 -> 0x6:16 -> 0x6:18 -> 0x1:1 -> 0x1:2 -> 74:03:bd:3d:34:9d
I, [2016-12-14T06:15:33.570645 #3821]  INFO -- : Creating path: 74:03:bd:3d:34:9d -> 0x1:2 -> 0x1:1 -> 0x6:18 -> 0x6:16 -> 0x5:15 -> 0x5:14 -> 00:25:4b:fd:d8:0d
I, [2016-12-14T06:21:22.658910 #3821]  INFO -- : Deleting path: 34:95:db:11:e6:14 -> 0x2:5 -> 0x2:6 -> 0x3:7 -> 0x3:9 -> 0x4:10 -> 0x4:12 -> 0x5:13 -> 0x5:14 -> 00:25:4b:fd:d8:0d
I, [2016-12-14T06:21:22.736502 #3821]  INFO -- : Deleting path: 00:25:4b:fd:d8:0d -> 0x5:14 -> 0x5:15 -> 0x6:16 -> 0x6:18 -> 0x1:1 -> 0x1:3 -> 0x2:4 -> 0x2:5 -> 34:95:db:11:e6:14
I, [2016-12-14T06:21:22.783550 #3821]  INFO -- : Deleting path: 34:95:db:2c:67:53 -> 0x4:11 -> 0x4:12 -> 0x5:13 -> 0x5:14 -> 00:25:4b:fd:d8:0d
I, [2016-12-14T06:21:22.801307 #3821]  INFO -- : Deleting path: 00:25:4b:fd:d8:0d -> 0x5:14 -> 0x5:13 -> 0x4:12 -> 0x4:11 -> 34:95:db:2c:67:53
I, [2016-12-14T06:21:22.817733 #3821]  INFO -- : Deleting path: 00:25:4b:fd:d8:0d -> 0x5:14 -> 0x5:15 -> 0x6:16 -> 0x6:18 -> 0x1:1 -> 0x1:2 -> 74:03:bd:3d:34:9d
I, [2016-12-14T06:21:22.845050 #3821]  INFO -- : Deleting path: 74:03:bd:3d:34:9d -> 0x1:2 -> 0x1:1 -> 0x6:18 -> 0x6:16 -> 0x5:15 -> 0x5:14 -> 00:25:4b:fd:d8:0d
I, [2016-12-14T06:23:52.651215 #3821]  INFO -- : Creating path: 00:25:4b:fd:d8:0d -> 0x5:14 -> 0x5:15 -> 0x6:16 -> 0x6:18 -> 0x1:1 -> 0x1:3 -> 0x2:4 -> 0x2:5 -> 34:95:db:11:e6:14
I, [2016-12-14T06:23:52.915187 #3821]  INFO -- : Creating path: 34:95:db:11:e6:14 -> 0x2:5 -> 0x2:6 -> 0x3:7 -> 0x3:9 -> 0x4:10 -> 0x4:12 -> 0x5:13 -> 0x5:14 -> 00:25:4b:fd:d8:0d
I, [2016-12-14T06:25:04.406439 #3821]  INFO -- : Deleting path: 00:25:4b:fd:d8:0d -> 0x5:14 -> 0x5:15 -> 0x6:16 -> 0x6:18 -> 0x1:1 -> 0x1:3 -> 0x2:4 -> 0x2:5 -> 34:95:db:11:e6:14
I, [2016-12-14T06:25:04.474745 #3821]  INFO -- : Deleting path: 34:95:db:11:e6:14 -> 0x2:5 -> 0x2:6 -> 0x3:7 -> 0x3:9 -> 0x4:10 -> 0x4:12 -> 0x5:13 -> 0x5:14 -> 00:25:4b:fd:d8:0d
I, [2016-12-14T06:26:10.277225 #3821]  INFO -- : Creating path: 00:25:4b:fd:d8:0d -> 0x5:14 -> 0x5:15 -> 0x6:16 -> 0x6:18 -> 0x1:1 -> 0x1:3 -> 0x2:4 -> 0x2:5 -> 34:95:db:11:e6:14
I, [2016-12-14T06:26:10.334860 #3821]  INFO -- : Creating path: 34:95:db:11:e6:14 -> 0x2:5 -> 0x2:6 -> 0x3:7 -> 0x3:9 -> 0x4:10 -> 0x4:12 -> 0x5:13 -> 0x5:14 -> 00:25:4b:fd:d8:0d
I, [2016-12-14T06:26:19.031670 #3821]  INFO -- : Creating path: 00:25:4b:fd:d8:0d -> 0x5:14 -> 0x5:15 -> 0x6:16 -> 0x6:18 -> 0x1:1 -> 0x1:2 -> 74:03:bd:3d:34:9d
I, [2016-12-14T06:26:19.268882 #3821]  INFO -- : Creating path: 74:03:bd:3d:34:9d -> 0x1:2 -> 0x1:1 -> 0x6:18 -> 0x6:16 -> 0x5:15 -> 0x5:14 -> 00:25:4b:fd:d8:0d
I, [2016-12-14T06:26:27.566532 #3821]  INFO -- : Creating path: 00:25:4b:fd:d8:0d -> 0x5:14 -> 0x5:13 -> 0x4:12 -> 0x4:11 -> 34:95:db:2c:67:53
